<?xml version="1.0" encoding="UTF-8"?>
<testng-results ignored="0" total="0" passed="0" failed="0" skipped="0">
  <reporter-output>
  </reporter-output>
  <suite started-at="2025-05-26T15:23:49 NPT" name="Command line suite" finished-at="2025-05-26T15:23:49 NPT" duration-ms="0">
    <groups>
    </groups>
    <test started-at="2025-05-26T15:23:49 NPT" name="Command line test" finished-at="2025-05-26T15:23:49 NPT" duration-ms="0">
    </test> <!-- Command line test -->
  </suite> <!-- Command line suite -->
</testng-results>
